Buildfile: /Users/shinya/Documents/workspace/org.question/build.xml

-set-mode-check:

-set-debug-files:

-check-env:
 [checkenv] Android SDK Tools Revision 22.6.0
 [checkenv] Installed at /Applications/adt-bundle-mac-x86_64/sdk

-setup:
     [echo] Project Name: questionnaire
  [gettype] Project Type: Application

-set-debug-mode:

-debug-obfuscation-check:

-pre-build:

-build-setup:
[getbuildtools] Using latest Build Tools: 19.0.3
     [echo] Resolving Build Target for questionnaire...
[gettarget] Project Target:   Google APIs
[gettarget] Vendor:           Google Inc.
[gettarget] Platform Version: 2.3.3
[gettarget] API level:        10
[gettarget] WARNING: No minSdkVersion value set. Application will install on all Android versions.
     [echo] ----------
     [echo] Creating output directories if needed...
    [mkdir] Created dir: /Users/shinya/Documents/workspace/org.question/bin
    [mkdir] Created dir: /Users/shinya/Documents/workspace/org.question/bin/res
    [mkdir] Created dir: /Users/shinya/Documents/workspace/org.question/bin/rsObj
    [mkdir] Created dir: /Users/shinya/Documents/workspace/org.question/bin/rsLibs
    [mkdir] Created dir: /Users/shinya/Documents/workspace/org.question/bin/classes
    [mkdir] Created dir: /Users/shinya/Documents/workspace/org.question/bin/dexedLibs
     [echo] ----------
     [echo] Resolving Dependencies for questionnaire...
[dependency] Library dependencies:
[dependency] No Libraries
[dependency] 
[dependency] ------------------
[dependency] API<=15: Adding annotations.jar to the classpath.
     [echo] ----------
     [echo] Building Libraries with 'debug'...
   [subant] No sub-builds to iterate on

-code-gen:
[mergemanifest] Merging AndroidManifest files into one.
[mergemanifest] Manifest merger disabled. Using project manifest only.
     [echo] Handling aidl files...
     [aidl] No AIDL files to compile.
     [echo] ----------
     [echo] Handling RenderScript files...
     [echo] ----------
     [echo] Handling Resources...
     [aapt] Generating resource IDs...
     [echo] ----------
     [echo] Handling BuildConfig class...
[buildconfig] Generating BuildConfig class.

-pre-compile:

-compile:
    [javac] Compiling 7 source files to /Users/shinya/Documents/workspace/org.question/bin/classes
    [javac] /Users/shinya/Documents/workspace/org.question/src/org/dom/Buttonlayout.java:9: クラス ButtonLayout は public であり、ファイル ButtonLayout.java で宣言しなければなりません。
    [javac] public class ButtonLayout extends LinearLayout {
    [javac]        ^
    [javac] エラー 1 個
